[1.707s] DEBUG:colcon:Command line arguments: ['/usr/bin/colcon', 'build', '--symlink-install']
[1.709s] DEBUG:colcon:Parsed command line arguments: Namespace(log_base=None, log_level=None, verb_name='build', build_base='build', install_base='install', merge_install=False, symlink_install=True, test_result_base=None, continue_on_error=False, executor='parallel', parallel_workers=12, event_handlers=None, ignore_user_meta=False, metas=['./colcon.meta'], base_paths=['.'], packages_ignore=None, packages_ignore_regex=None, paths=None, packages_up_to=None, packages_up_to_regex=None, packages_above=None, packages_above_and_dependencies=None, packages_above_depth=None, packages_select_by_dep=None, packages_skip_by_dep=None, packages_skip_up_to=None, packages_select_build_failed=False, packages_skip_build_finished=False, packages_select_test_failures=False, packages_skip_test_passed=False, packages_select=None, packages_skip=None, packages_select_regex=None, packages_skip_regex=None, packages_start=None, packages_end=None, cmake_args=None, cmake_target=None, cmake_target_skip_unavailable=False, cmake_clean_cache=False, cmake_clean_first=False, cmake_force_configure=False, ament_cmake_args=None, catkin_cmake_args=None, catkin_skip_building_tests=False, mixin_files=None, mixin=None, verb_parser=<colcon_mixin.mixin.mixin_argument.MixinArgumentDecorator object at 0x55046a4b50>, verb_extension=<colcon_core.verb.build.BuildVerb object at 0x5503d01e70>, main=<bound method BuildVerb.main of <colcon_core.verb.build.BuildVerb object at 0x5503d01e70>>, mixin_verb=('build',))
[1.870s] Level 1:colcon.colcon_core.package_discovery:discover_packages(colcon_meta) check parameters
[1.875s] INFO:colcon.colcon_metadata.package_discovery.colcon_meta:Using configuration from '/root/.colcon/metadata/default/Gazebo.meta'
[1.878s] INFO:colcon.colcon_metadata.package_discovery.colcon_meta:Using configuration from '/root/.colcon/metadata/default/fastrtps.meta'
[1.878s] Level 1:colcon.colcon_core.package_discovery:discover_packages(recursive) check parameters
[1.878s] Level 1:colcon.colcon_core.package_discovery:discover_packages(ignore) check parameters
[1.878s] Level 1:colcon.colcon_core.package_discovery:discover_packages(path) check parameters
[1.878s] Level 1:colcon.colcon_core.package_discovery:discover_packages(colcon_meta) discover
[1.879s] Level 1:colcon.colcon_core.package_discovery:discover_packages(recursive) discover
[1.879s] INFO:colcon.colcon_core.package_discovery:Crawling recursively for packages in '/ros2_workspace/src_'
[1.879s] Level 1:colcon.colcon_core.package_identification:_identify(.) by extensions ['ignore', 'ignore_ament_install']
[1.880s] Level 1:colcon.colcon_core.package_identification:_identify(.) by extension 'ignore'
[1.881s] Level 1:colcon.colcon_core.package_identification:_identify(.) by extension 'ignore_ament_install'
[1.881s] Level 1:colcon.colcon_core.package_identification:_identify(.) by extensions ['colcon_pkg']
[1.881s] Level 1:colcon.colcon_core.package_identification:_identify(.) by extension 'colcon_pkg'
[1.881s] Level 1:colcon.colcon_core.package_identification:_identify(.) by extensions ['colcon_meta']
[1.882s] Level 1:colcon.colcon_core.package_identification:_identify(.) by extension 'colcon_meta'
[1.882s] Level 1:colcon.colcon_core.package_identification:_identify(.) by extensions ['ros']
[1.882s] Level 1:colcon.colcon_core.package_identification:_identify(.) by extension 'ros'
[1.961s] Level 1:colcon.colcon_core.package_identification:_identify(.) by extensions ['cmake', 'python']
[1.962s] Level 1:colcon.colcon_core.package_identification:_identify(.) by extension 'cmake'
[1.962s] Level 1:colcon.colcon_core.package_identification:_identify(.) by extension 'python'
[1.962s] Level 1:colcon.colcon_core.package_identification:_identify(.) by extensions ['python_setup_py']
[1.962s] Level 1:colcon.colcon_core.package_identification:_identify(.) by extension 'python_setup_py'
[1.963s] Level 1:colcon.colcon_core.package_identification:_identify(build) by extensions ['ignore', 'ignore_ament_install']
[1.963s] Level 1:colcon.colcon_core.package_identification:_identify(build) by extension 'ignore'
[1.964s] Level 1:colcon.colcon_core.package_identification:_identify(build) ignored
[1.964s] Level 1:colcon.colcon_core.package_identification:_identify(install) by extensions ['ignore', 'ignore_ament_install']
[1.965s] Level 1:colcon.colcon_core.package_identification:_identify(install) by extension 'ignore'
[1.965s] Level 1:colcon.colcon_core.package_identification:_identify(install) ignored
[1.965s] Level 1:colcon.colcon_core.package_identification:_identify(log) by extensions ['ignore', 'ignore_ament_install']
[1.966s] Level 1:colcon.colcon_core.package_identification:_identify(log) by extension 'ignore'
[1.966s] Level 1:colcon.colcon_core.package_identification:_identify(log) ignored
[1.966s] Level 1:colcon.colcon_core.package_identification:_identify(servo_controller) by extensions ['ignore', 'ignore_ament_install']
[1.967s] Level 1:colcon.colcon_core.package_identification:_identify(servo_controller) by extension 'ignore'
[1.967s] Level 1:colcon.colcon_core.package_identification:_identify(servo_controller) by extension 'ignore_ament_install'
[1.967s] Level 1:colcon.colcon_core.package_identification:_identify(servo_controller) by extensions ['colcon_pkg']
[1.968s] Level 1:colcon.colcon_core.package_identification:_identify(servo_controller) by extension 'colcon_pkg'
[1.968s] Level 1:colcon.colcon_core.package_identification:_identify(servo_controller) by extensions ['colcon_meta']
[1.968s] Level 1:colcon.colcon_core.package_identification:_identify(servo_controller) by extension 'colcon_meta'
[1.968s] Level 1:colcon.colcon_core.package_identification:_identify(servo_controller) by extensions ['ros']
[1.969s] Level 1:colcon.colcon_core.package_identification:_identify(servo_controller) by extension 'ros'
[1.987s] DEBUG:colcon.colcon_core.package_identification:Package 'servo_controller' with type 'ros.ament_cmake' and name 'servo_controller'
[1.988s] Level 1:colcon.colcon_core.package_discovery:discover_packages(recursive) using defaults
[1.988s] Level 1:colcon.colcon_core.package_discovery:discover_packages(ignore) discover
[1.988s] Level 1:colcon.colcon_core.package_discovery:discover_packages(ignore) using defaults
[1.988s] Level 1:colcon.colcon_core.package_discovery:discover_packages(path) discover
[1.988s] Level 1:colcon.colcon_core.package_discovery:discover_packages(path) using defaults
[2.133s] Level 5:colcon.colcon_core.verb:set package 'servo_controller' build argument 'cmake_args' from command line to 'None'
[2.133s] Level 5:colcon.colcon_core.verb:set package 'servo_controller' build argument 'cmake_target' from command line to 'None'
[2.133s] Level 5:colcon.colcon_core.verb:set package 'servo_controller' build argument 'cmake_target_skip_unavailable' from command line to 'False'
[2.133s] Level 5:colcon.colcon_core.verb:set package 'servo_controller' build argument 'cmake_clean_cache' from command line to 'False'
[2.134s] Level 5:colcon.colcon_core.verb:set package 'servo_controller' build argument 'cmake_clean_first' from command line to 'False'
[2.134s] Level 5:colcon.colcon_core.verb:set package 'servo_controller' build argument 'cmake_force_configure' from command line to 'False'
[2.134s] Level 5:colcon.colcon_core.verb:set package 'servo_controller' build argument 'ament_cmake_args' from command line to 'None'
[2.134s] Level 5:colcon.colcon_core.verb:set package 'servo_controller' build argument 'catkin_cmake_args' from command line to 'None'
[2.134s] Level 5:colcon.colcon_core.verb:set package 'servo_controller' build argument 'catkin_skip_building_tests' from command line to 'False'
[2.135s] DEBUG:colcon.colcon_core.verb:Building package 'servo_controller' with the following arguments: {'ament_cmake_args': None, 'build_base': '/ros2_workspace/src_/build/servo_controller', 'catkin_cmake_args': None, 'catkin_skip_building_tests': False, 'cmake_args': None, 'cmake_clean_cache': False, 'cmake_clean_first': False, 'cmake_force_configure': False, 'cmake_target': None, 'cmake_target_skip_unavailable': False, 'install_base': '/ros2_workspace/src_/install/servo_controller', 'merge_install': False, 'path': '/ros2_workspace/src_/servo_controller', 'symlink_install': True, 'test_result_base': None}
[2.138s] INFO:colcon.colcon_core.executor:Executing jobs using 'parallel' executor
[2.170s] DEBUG:colcon.colcon_parallel_executor.executor.parallel:run_until_complete
[2.173s] INFO:colcon.colcon_ros.task.ament_cmake.build:Building ROS package in '/ros2_workspace/src_/servo_controller' with build type 'ament_cmake'
[2.174s] INFO:colcon.colcon_cmake.task.cmake.build:Building CMake package in '/ros2_workspace/src_/servo_controller'
[2.220s] INFO:colcon.colcon_core.plugin_system:Skipping extension 'colcon_core.shell.bat': Not used on non-Windows systems
[2.224s] INFO:colcon.colcon_core.shell:Skip shell extension 'powershell' for command environment: Not usable outside of PowerShell
[2.225s] DEBUG:colcon.colcon_core.shell:Skip shell extension 'dsv' for command environment
[2.371s] DEBUG:colcon.colcon_core.event_handler.log_command:Invoking command in '/ros2_workspace/src_/build/servo_controller': CMAKE_PREFIX_PATH=/opt/ros/humble /usr/bin/cmake /ros2_workspace/src_/servo_controller -DAMENT_CMAKE_SYMLINK_INSTALL=1 -DCMAKE_INSTALL_PREFIX=/ros2_workspace/src_/install/servo_controller
[11.383s] DEBUG:colcon.colcon_core.event_handler.log_command:Invoked command in '/ros2_workspace/src_/build/servo_controller' returned '0': CMAKE_PREFIX_PATH=/opt/ros/humble /usr/bin/cmake /ros2_workspace/src_/servo_controller -DAMENT_CMAKE_SYMLINK_INSTALL=1 -DCMAKE_INSTALL_PREFIX=/ros2_workspace/src_/install/servo_controller
[11.394s] DEBUG:colcon.colcon_core.event_handler.log_command:Invoking command in '/ros2_workspace/src_/build/servo_controller': CMAKE_PREFIX_PATH=/opt/ros/humble /usr/bin/cmake --build /ros2_workspace/src_/build/servo_controller -- -j12 -l12
[19.797s] DEBUG:colcon.colcon_core.event_handler.log_command:Invoked command in '/ros2_workspace/src_/build/servo_controller' returned '2': CMAKE_PREFIX_PATH=/opt/ros/humble /usr/bin/cmake --build /ros2_workspace/src_/build/servo_controller -- -j12 -l12
[20.734s] Level 1:colcon.colcon_core.environment:create_environment_scripts_only(servo_controller)
[20.768s] Level 1:colcon.colcon_core.environment:checking '/ros2_workspace/src_/install/servo_controller' for CMake module files
[20.773s] Level 1:colcon.colcon_core.environment:checking '/ros2_workspace/src_/install/servo_controller' for CMake config files
[20.776s] Level 1:colcon.colcon_core.environment:checking '/ros2_workspace/src_/install/servo_controller/bin'
[20.777s] Level 1:colcon.colcon_core.environment:checking '/ros2_workspace/src_/install/servo_controller/lib/pkgconfig/servo_controller.pc'
[20.789s] Level 1:colcon.colcon_core.environment:checking '/ros2_workspace/src_/install/servo_controller/lib/python3.10/site-packages'
[20.790s] Level 1:colcon.colcon_core.environment:checking '/ros2_workspace/src_/install/servo_controller/bin'
[20.801s] INFO:colcon.colcon_core.shell:Creating package script '/ros2_workspace/src_/install/servo_controller/share/servo_controller/package.ps1'
[20.807s] INFO:colcon.colcon_core.shell:Creating package descriptor '/ros2_workspace/src_/install/servo_controller/share/servo_controller/package.dsv'
[20.812s] INFO:colcon.colcon_core.shell:Creating package script '/ros2_workspace/src_/install/servo_controller/share/servo_controller/package.sh'
[20.816s] INFO:colcon.colcon_core.shell:Creating package script '/ros2_workspace/src_/install/servo_controller/share/servo_controller/package.bash'
[20.821s] INFO:colcon.colcon_core.shell:Creating package script '/ros2_workspace/src_/install/servo_controller/share/servo_controller/package.zsh'
[20.825s] Level 1:colcon.colcon_core.environment:create_file_with_runtime_dependencies(/ros2_workspace/src_/install/servo_controller/share/colcon-core/packages/servo_controller)
[20.837s] DEBUG:colcon.colcon_parallel_executor.executor.parallel:closing loop
[20.838s] DEBUG:colcon.colcon_parallel_executor.executor.parallel:loop closed
[20.838s] DEBUG:colcon.colcon_parallel_executor.executor.parallel:run_until_complete finished with '2'
[20.839s] DEBUG:colcon.colcon_core.event_reactor:joining thread
[20.887s] INFO:colcon.colcon_core.plugin_system:Skipping extension 'colcon_notification.desktop_notification.notify_send': Could not find 'notify-send'
[20.889s] INFO:colcon.colcon_core.plugin_system:Skipping extension 'colcon_notification.desktop_notification.terminal_notifier': Not used on non-Darwin systems
[20.890s] INFO:colcon.colcon_core.plugin_system:Skipping extension 'colcon_notification.desktop_notification.win32': Not used on non-Windows systems
[20.891s] INFO:colcon.colcon_notification.desktop_notification:Sending desktop notification using 'notify2'
[20.896s] DEBUG:colcon.colcon_notification.desktop_notification.notify2:Failed to initialize notify2: org.freedesktop.DBus.Error.NotSupported: Unable to autolaunch a dbus-daemon without a $DISPLAY for X11
[20.897s] DEBUG:colcon.colcon_core.event_reactor:joined thread
[20.917s] INFO:colcon.colcon_core.shell:Creating prefix script '/ros2_workspace/src_/install/local_setup.ps1'
[20.926s] INFO:colcon.colcon_core.shell:Creating prefix util module '/ros2_workspace/src_/install/_local_setup_util_ps1.py'
[20.945s] INFO:colcon.colcon_core.shell:Creating prefix chain script '/ros2_workspace/src_/install/setup.ps1'
[20.957s] INFO:colcon.colcon_core.shell:Creating prefix script '/ros2_workspace/src_/install/local_setup.sh'
[20.963s] INFO:colcon.colcon_core.shell:Creating prefix util module '/ros2_workspace/src_/install/_local_setup_util_sh.py'
[20.968s] INFO:colcon.colcon_core.shell:Creating prefix chain script '/ros2_workspace/src_/install/setup.sh'
[20.982s] INFO:colcon.colcon_core.shell:Creating prefix script '/ros2_workspace/src_/install/local_setup.bash'
[20.987s] INFO:colcon.colcon_core.shell:Creating prefix chain script '/ros2_workspace/src_/install/setup.bash'
[21.002s] INFO:colcon.colcon_core.shell:Creating prefix script '/ros2_workspace/src_/install/local_setup.zsh'
[21.008s] INFO:colcon.colcon_core.shell:Creating prefix chain script '/ros2_workspace/src_/install/setup.zsh'
