-- The C compiler identification is GNU 11.3.0
-- The CXX compiler identification is GNU 11.3.0
-- Detecting C compiler ABI info
-- Detecting C compiler ABI info - done
-- Check for working C compiler: /usr/bin/cc - skipped
-- Detecting C compile features
-- Detecting C compile features - done
-- Detecting CXX compiler ABI info
-- Detecting CXX compiler ABI info - done
-- Check for working CXX compiler: /usr/bin/c++ - skipped
-- Detecting CXX compile features
-- Detecting CXX compile features - done
-- Found ament_cmake: 1.3.3 (/opt/ros/humble/share/ament_cmake/cmake)
-- Found Python3: /usr/bin/python3.10 (found version "3.10.6") found components: Interpreter 
-- Override CMake install command with custom implementation using symlinks instead of copying resources
-- Found ament_lint_auto: 0.12.5 (/opt/ros/humble/share/ament_lint_auto/cmake)
-- Added test 'cppcheck' to perform static code analysis on C / C++ code
-- Configured cppcheck include dirs: /ros2_workspace/src_/servo_controller/include
-- Configured cppcheck exclude dirs and/or files: 
-- Added test 'lint_cmake' to check CMake code style
-- Added test 'uncrustify' to check C / C++ code style
-- Configured uncrustify additional arguments: 
-- Added test 'xmllint' to check XML markup files
-- Configuring done
-- Generating done
-- Build files have been written to: /ros2_workspace/src_/build/servo_controller
[ 28%] [32mBuilding CXX object CMakeFiles/servoTest.dir/src/Servomotor.cpp.o[0m
[ 28%] [32mBuilding CXX object CMakeFiles/servoTest.dir/src/Switch.cpp.o[0m
[ 42%] [32mBuilding CXX object CMakeFiles/servoTest.dir/src/Pca9586PwmController.cpp.o[0m
[ 57%] [32mBuilding CXX object CMakeFiles/servoTest.dir/src/servoTest.cpp.o[0m
[ 71%] [32mBuilding CXX object CMakeFiles/servoTest.dir/src/PiPwmController.cpp.o[0m
[ 85%] [32mBuilding CXX object CMakeFiles/servoTest.dir/src/AbstractPwmController.cpp.o[0m
