[2.131s] DEBUG:colcon:Command line arguments: ['/usr/bin/colcon', 'build', '--symlink-install']
[2.134s] DEBUG:colcon:Parsed command line arguments: Namespace(log_base=None, log_level=None, verb_name='build', build_base='build', install_base='install', merge_install=False, symlink_install=True, test_result_base=None, continue_on_error=False, executor='parallel', parallel_workers=12, event_handlers=None, ignore_user_meta=False, metas=['./colcon.meta'], base_paths=['.'], packages_ignore=None, packages_ignore_regex=None, paths=None, packages_up_to=None, packages_up_to_regex=None, packages_above=None, packages_above_and_dependencies=None, packages_above_depth=None, packages_select_by_dep=None, packages_skip_by_dep=None, packages_skip_up_to=None, packages_select_build_failed=False, packages_skip_build_finished=False, packages_select_test_failures=False, packages_skip_test_passed=False, packages_select=None, packages_skip=None, packages_select_regex=None, packages_skip_regex=None, packages_start=None, packages_end=None, cmake_args=None, cmake_target=None, cmake_target_skip_unavailable=False, cmake_clean_cache=False, cmake_clean_first=False, cmake_force_configure=False, ament_cmake_args=None, catkin_cmake_args=None, catkin_skip_building_tests=False, mixin_files=None, mixin=None, verb_parser=<colcon_mixin.mixin.mixin_argument.MixinArgumentDecorator object at 0x55046a8550>, verb_extension=<colcon_core.verb.build.BuildVerb object at 0x5503d01d80>, main=<bound method BuildVerb.main of <colcon_core.verb.build.BuildVerb object at 0x5503d01d80>>, mixin_verb=('build',))
[2.283s] Level 1:colcon.colcon_core.package_discovery:discover_packages(colcon_meta) check parameters
[2.287s] INFO:colcon.colcon_metadata.package_discovery.colcon_meta:Using configuration from '/root/.colcon/metadata/default/Gazebo.meta'
[2.290s] INFO:colcon.colcon_metadata.package_discovery.colcon_meta:Using configuration from '/root/.colcon/metadata/default/fastrtps.meta'
[2.290s] Level 1:colcon.colcon_core.package_discovery:discover_packages(recursive) check parameters
[2.290s] Level 1:colcon.colcon_core.package_discovery:discover_packages(ignore) check parameters
[2.291s] Level 1:colcon.colcon_core.package_discovery:discover_packages(path) check parameters
[2.291s] Level 1:colcon.colcon_core.package_discovery:discover_packages(colcon_meta) discover
[2.291s] Level 1:colcon.colcon_core.package_discovery:discover_packages(recursive) discover
[2.291s] INFO:colcon.colcon_core.package_discovery:Crawling recursively for packages in '/ros2_workspace/src_'
[2.292s] Level 1:colcon.colcon_core.package_identification:_identify(.) by extensions ['ignore', 'ignore_ament_install']
[2.293s] Level 1:colcon.colcon_core.package_identification:_identify(.) by extension 'ignore'
[2.294s] Level 1:colcon.colcon_core.package_identification:_identify(.) by extension 'ignore_ament_install'
[2.294s] Level 1:colcon.colcon_core.package_identification:_identify(.) by extensions ['colcon_pkg']
[2.295s] Level 1:colcon.colcon_core.package_identification:_identify(.) by extension 'colcon_pkg'
[2.295s] Level 1:colcon.colcon_core.package_identification:_identify(.) by extensions ['colcon_meta']
[2.295s] Level 1:colcon.colcon_core.package_identification:_identify(.) by extension 'colcon_meta'
[2.296s] Level 1:colcon.colcon_core.package_identification:_identify(.) by extensions ['ros']
[2.296s] Level 1:colcon.colcon_core.package_identification:_identify(.) by extension 'ros'
[2.378s] Level 1:colcon.colcon_core.package_identification:_identify(.) by extensions ['cmake', 'python']
[2.379s] Level 1:colcon.colcon_core.package_identification:_identify(.) by extension 'cmake'
[2.379s] Level 1:colcon.colcon_core.package_identification:_identify(.) by extension 'python'
[2.379s] Level 1:colcon.colcon_core.package_identification:_identify(.) by extensions ['python_setup_py']
[2.380s] Level 1:colcon.colcon_core.package_identification:_identify(.) by extension 'python_setup_py'
[2.380s] Level 1:colcon.colcon_core.package_identification:_identify(build) by extensions ['ignore', 'ignore_ament_install']
[2.381s] Level 1:colcon.colcon_core.package_identification:_identify(build) by extension 'ignore'
[2.381s] Level 1:colcon.colcon_core.package_identification:_identify(build) ignored
[2.382s] Level 1:colcon.colcon_core.package_identification:_identify(install) by extensions ['ignore', 'ignore_ament_install']
[2.382s] Level 1:colcon.colcon_core.package_identification:_identify(install) by extension 'ignore'
[2.383s] Level 1:colcon.colcon_core.package_identification:_identify(install) ignored
[2.383s] Level 1:colcon.colcon_core.package_identification:_identify(log) by extensions ['ignore', 'ignore_ament_install']
[2.384s] Level 1:colcon.colcon_core.package_identification:_identify(log) by extension 'ignore'
[2.384s] Level 1:colcon.colcon_core.package_identification:_identify(log) ignored
[2.385s] Level 1:colcon.colcon_core.package_identification:_identify(servo_controller) by extensions ['ignore', 'ignore_ament_install']
[2.385s] Level 1:colcon.colcon_core.package_identification:_identify(servo_controller) by extension 'ignore'
[2.385s] Level 1:colcon.colcon_core.package_identification:_identify(servo_controller) by extension 'ignore_ament_install'
[2.386s] Level 1:colcon.colcon_core.package_identification:_identify(servo_controller) by extensions ['colcon_pkg']
[2.386s] Level 1:colcon.colcon_core.package_identification:_identify(servo_controller) by extension 'colcon_pkg'
[2.386s] Level 1:colcon.colcon_core.package_identification:_identify(servo_controller) by extensions ['colcon_meta']
[2.387s] Level 1:colcon.colcon_core.package_identification:_identify(servo_controller) by extension 'colcon_meta'
[2.387s] Level 1:colcon.colcon_core.package_identification:_identify(servo_controller) by extensions ['ros']
[2.387s] Level 1:colcon.colcon_core.package_identification:_identify(servo_controller) by extension 'ros'
[2.406s] DEBUG:colcon.colcon_core.package_identification:Package 'servo_controller' with type 'ros.ament_cmake' and name 'servo_controller'
[2.407s] Level 1:colcon.colcon_core.package_discovery:discover_packages(recursive) using defaults
[2.407s] Level 1:colcon.colcon_core.package_discovery:discover_packages(ignore) discover
[2.407s] Level 1:colcon.colcon_core.package_discovery:discover_packages(ignore) using defaults
[2.407s] Level 1:colcon.colcon_core.package_discovery:discover_packages(path) discover
[2.408s] Level 1:colcon.colcon_core.package_discovery:discover_packages(path) using defaults
[2.556s] Level 5:colcon.colcon_core.verb:set package 'servo_controller' build argument 'cmake_args' from command line to 'None'
[2.557s] Level 5:colcon.colcon_core.verb:set package 'servo_controller' build argument 'cmake_target' from command line to 'None'
[2.557s] Level 5:colcon.colcon_core.verb:set package 'servo_controller' build argument 'cmake_target_skip_unavailable' from command line to 'False'
[2.557s] Level 5:colcon.colcon_core.verb:set package 'servo_controller' build argument 'cmake_clean_cache' from command line to 'False'
[2.557s] Level 5:colcon.colcon_core.verb:set package 'servo_controller' build argument 'cmake_clean_first' from command line to 'False'
[2.558s] Level 5:colcon.colcon_core.verb:set package 'servo_controller' build argument 'cmake_force_configure' from command line to 'False'
[2.558s] Level 5:colcon.colcon_core.verb:set package 'servo_controller' build argument 'ament_cmake_args' from command line to 'None'
[2.558s] Level 5:colcon.colcon_core.verb:set package 'servo_controller' build argument 'catkin_cmake_args' from command line to 'None'
[2.558s] Level 5:colcon.colcon_core.verb:set package 'servo_controller' build argument 'catkin_skip_building_tests' from command line to 'False'
[2.559s] DEBUG:colcon.colcon_core.verb:Building package 'servo_controller' with the following arguments: {'ament_cmake_args': None, 'build_base': '/ros2_workspace/src_/build/servo_controller', 'catkin_cmake_args': None, 'catkin_skip_building_tests': False, 'cmake_args': None, 'cmake_clean_cache': False, 'cmake_clean_first': False, 'cmake_force_configure': False, 'cmake_target': None, 'cmake_target_skip_unavailable': False, 'install_base': '/ros2_workspace/src_/install/servo_controller', 'merge_install': False, 'path': '/ros2_workspace/src_/servo_controller', 'symlink_install': True, 'test_result_base': None}
[2.564s] INFO:colcon.colcon_core.executor:Executing jobs using 'parallel' executor
[2.597s] DEBUG:colcon.colcon_parallel_executor.executor.parallel:run_until_complete
[2.602s] INFO:colcon.colcon_ros.task.ament_cmake.build:Building ROS package in '/ros2_workspace/src_/servo_controller' with build type 'ament_cmake'
[2.603s] INFO:colcon.colcon_cmake.task.cmake.build:Building CMake package in '/ros2_workspace/src_/servo_controller'
[2.639s] INFO:colcon.colcon_core.plugin_system:Skipping extension 'colcon_core.shell.bat': Not used on non-Windows systems
[2.642s] INFO:colcon.colcon_core.shell:Skip shell extension 'powershell' for command environment: Not usable outside of PowerShell
[2.642s] DEBUG:colcon.colcon_core.shell:Skip shell extension 'dsv' for command environment
[2.756s] DEBUG:colcon.colcon_core.event_handler.log_command:Invoking command in '/ros2_workspace/src_/build/servo_controller': CMAKE_PREFIX_PATH=/opt/ros/humble /usr/bin/cmake --build /ros2_workspace/src_/build/servo_controller -- -j12 -l12
[7.741s] DEBUG:colcon.colcon_core.event_handler.log_command:Invoked command in '/ros2_workspace/src_/build/servo_controller' returned '2': CMAKE_PREFIX_PATH=/opt/ros/humble /usr/bin/cmake --build /ros2_workspace/src_/build/servo_controller -- -j12 -l12
[8.738s] Level 1:colcon.colcon_core.environment:create_environment_scripts_only(servo_controller)
[8.774s] Level 1:colcon.colcon_core.environment:checking '/ros2_workspace/src_/install/servo_controller' for CMake module files
[8.778s] Level 1:colcon.colcon_core.environment:checking '/ros2_workspace/src_/install/servo_controller' for CMake config files
[8.783s] Level 1:colcon.colcon_core.environment:checking '/ros2_workspace/src_/install/servo_controller/bin'
[8.785s] Level 1:colcon.colcon_core.environment:checking '/ros2_workspace/src_/install/servo_controller/lib/pkgconfig/servo_controller.pc'
[8.797s] Level 1:colcon.colcon_core.environment:checking '/ros2_workspace/src_/install/servo_controller/lib/python3.10/site-packages'
[8.800s] Level 1:colcon.colcon_core.environment:checking '/ros2_workspace/src_/install/servo_controller/bin'
[8.815s] INFO:colcon.colcon_core.shell:Creating package script '/ros2_workspace/src_/install/servo_controller/share/servo_controller/package.ps1'
[8.823s] INFO:colcon.colcon_core.shell:Creating package descriptor '/ros2_workspace/src_/install/servo_controller/share/servo_controller/package.dsv'
[8.826s] INFO:colcon.colcon_core.shell:Creating package script '/ros2_workspace/src_/install/servo_controller/share/servo_controller/package.sh'
[8.832s] INFO:colcon.colcon_core.shell:Creating package script '/ros2_workspace/src_/install/servo_controller/share/servo_controller/package.bash'
[8.837s] INFO:colcon.colcon_core.shell:Creating package script '/ros2_workspace/src_/install/servo_controller/share/servo_controller/package.zsh'
[8.841s] Level 1:colcon.colcon_core.environment:create_file_with_runtime_dependencies(/ros2_workspace/src_/install/servo_controller/share/colcon-core/packages/servo_controller)
[8.854s] DEBUG:colcon.colcon_parallel_executor.executor.parallel:closing loop
[8.855s] DEBUG:colcon.colcon_parallel_executor.executor.parallel:loop closed
[8.856s] DEBUG:colcon.colcon_parallel_executor.executor.parallel:run_until_complete finished with '2'
[8.857s] DEBUG:colcon.colcon_core.event_reactor:joining thread
[8.904s] INFO:colcon.colcon_core.plugin_system:Skipping extension 'colcon_notification.desktop_notification.notify_send': Could not find 'notify-send'
[8.905s] INFO:colcon.colcon_core.plugin_system:Skipping extension 'colcon_notification.desktop_notification.terminal_notifier': Not used on non-Darwin systems
[8.906s] INFO:colcon.colcon_core.plugin_system:Skipping extension 'colcon_notification.desktop_notification.win32': Not used on non-Windows systems
[8.906s] INFO:colcon.colcon_notification.desktop_notification:Sending desktop notification using 'notify2'
[8.911s] DEBUG:colcon.colcon_notification.desktop_notification.notify2:Failed to initialize notify2: org.freedesktop.DBus.Error.NotSupported: Unable to autolaunch a dbus-daemon without a $DISPLAY for X11
[8.912s] DEBUG:colcon.colcon_core.event_reactor:joined thread
[8.926s] INFO:colcon.colcon_core.shell:Creating prefix script '/ros2_workspace/src_/install/local_setup.ps1'
[8.934s] INFO:colcon.colcon_core.shell:Creating prefix util module '/ros2_workspace/src_/install/_local_setup_util_ps1.py'
[8.950s] INFO:colcon.colcon_core.shell:Creating prefix chain script '/ros2_workspace/src_/install/setup.ps1'
[8.962s] INFO:colcon.colcon_core.shell:Creating prefix script '/ros2_workspace/src_/install/local_setup.sh'
[8.969s] INFO:colcon.colcon_core.shell:Creating prefix util module '/ros2_workspace/src_/install/_local_setup_util_sh.py'
[8.976s] INFO:colcon.colcon_core.shell:Creating prefix chain script '/ros2_workspace/src_/install/setup.sh'
[8.991s] INFO:colcon.colcon_core.shell:Creating prefix script '/ros2_workspace/src_/install/local_setup.bash'
[8.994s] INFO:colcon.colcon_core.shell:Creating prefix chain script '/ros2_workspace/src_/install/setup.bash'
[9.005s] INFO:colcon.colcon_core.shell:Creating prefix script '/ros2_workspace/src_/install/local_setup.zsh'
[9.007s] INFO:colcon.colcon_core.shell:Creating prefix chain script '/ros2_workspace/src_/install/setup.zsh'
